Traceback (most recent call last):
  File "/usr/share/miniconda/envs/rocket-env/lib/python3.8/site-packages/jupyter_cache/executors/utils.py", line 51, in single_nb_execution
    executenb(
  File "/usr/share/miniconda/envs/rocket-env/lib/python3.8/site-packages/nbclient/client.py", line 1087, in execute
    return NotebookClient(nb=nb, resources=resources, km=km, **kwargs).execute()
  File "/usr/share/miniconda/envs/rocket-env/lib/python3.8/site-packages/nbclient/util.py", line 74, in wrapped
    return just_run(coro(*args, **kwargs))
  File "/usr/share/miniconda/envs/rocket-env/lib/python3.8/site-packages/nbclient/util.py", line 53, in just_run
    return loop.run_until_complete(coro)
  File "/usr/share/miniconda/envs/rocket-env/lib/python3.8/asyncio/base_events.py", line 616, in run_until_complete
    return future.result()
  File "/usr/share/miniconda/envs/rocket-env/lib/python3.8/site-packages/nbclient/client.py", line 540, in async_execute
    await self.async_execute_cell(
  File "/usr/share/miniconda/envs/rocket-env/lib/python3.8/site-packages/nbclient/client.py", line 832, in async_execute_cell
    self._check_raise_for_error(cell, exec_reply)
  File "/usr/share/miniconda/envs/rocket-env/lib/python3.8/site-packages/nbclient/client.py", line 740, in _check_raise_for_error
    raise CellExecutionError.from_cell_and_msg(cell, exec_reply['content'])
nbclient.exceptions.CellExecutionError: An error occurred while executing the following cell:
------------------
derivs = get_thermo_derivatives(gas)

dlogV_dlogT_P, dlogV_dlogP_T, cp, gamma_s = get_thermo_properties(
    gas, derivs[0], derivs[1], derivs[2]
    )

print(f'Cp = {cp: .2f}')

print(f'(d log V/d log P)_T = {dlogV_dlogP_T: .4f}')
print(f'(d log V/d log T)_P = {dlogV_dlogT_P: .4f}')

print(f'gamma_s = {gamma_s: .4f}')
------------------

[0;31m---------------------------------------------------------------------------[0m
[0;31mNameError[0m                                 Traceback (most recent call last)
[0;32m<ipython-input-6-a96f7bee0472>[0m in [0;36m<module>[0;34m[0m
[1;32m      1[0m [0mderivs[0m [0;34m=[0m [0mget_thermo_derivatives[0m[0;34m([0m[0mgas[0m[0;34m)[0m[0;34m[0m[0;34m[0m[0m
[1;32m      2[0m [0;34m[0m[0m
[0;32m----> 3[0;31m dlogV_dlogT_P, dlogV_dlogP_T, cp, gamma_s = get_thermo_properties(
[0m[1;32m      4[0m     [0mgas[0m[0;34m,[0m [0mderivs[0m[0;34m[[0m[0;36m0[0m[0;34m][0m[0;34m,[0m [0mderivs[0m[0;34m[[0m[0;36m1[0m[0;34m][0m[0;34m,[0m [0mderivs[0m[0;34m[[0m[0;36m2[0m[0;34m][0m[0;34m[0m[0;34m[0m[0m
[1;32m      5[0m     )

[0;32m<ipython-input-4-a732809e6daa>[0m in [0;36mget_thermo_properties[0;34m(gas, dpi_dlogT_P, dlogn_dlogT_P, dlogn_dlogP_T)[0m
[1;32m     75[0m [0;34m[0m[0m
[1;32m     76[0m     spec_heat_p = ct.gas_constant * (
[0;32m---> 77[0;31m         np.sum([dpi_dlogT_P[i] * 
[0m[1;32m     78[0m                 [0mnp[0m[0;34m.[0m[0msum[0m[0;34m([0m[0mstoich_coeffs[0m[0;34m[[0m[0mi[0m[0;34m,[0m[0;34m:[0m[0;34m][0m [0;34m*[0m [0mmoles[0m [0;34m*[0m [0mgas[0m[0;34m.[0m[0mstandard_enthalpies_RT[0m[0;34m)[0m[0;34m[0m[0;34m[0m[0m
[1;32m     79[0m                 [0;32mfor[0m [0mi[0m [0;32min[0m [0mrange[0m[0;34m([0m[0mgas[0m[0;34m.[0m[0mn_elements[0m[0;34m)[0m[0;34m[0m[0;34m[0m[0m

[0;32m<ipython-input-4-a732809e6daa>[0m in [0;36m<listcomp>[0;34m(.0)[0m
[1;32m     76[0m     spec_heat_p = ct.gas_constant * (
[1;32m     77[0m         np.sum([dpi_dlogT_P[i] * 
[0;32m---> 78[0;31m                 [0mnp[0m[0;34m.[0m[0msum[0m[0;34m([0m[0mstoich_coeffs[0m[0;34m[[0m[0mi[0m[0;34m,[0m[0;34m:[0m[0;34m][0m [0;34m*[0m [0mmoles[0m [0;34m*[0m [0mgas[0m[0;34m.[0m[0mstandard_enthalpies_RT[0m[0;34m)[0m[0;34m[0m[0;34m[0m[0m
[0m[1;32m     79[0m                 [0;32mfor[0m [0mi[0m [0;32min[0m [0mrange[0m[0;34m([0m[0mgas[0m[0;34m.[0m[0mn_elements[0m[0;34m)[0m[0;34m[0m[0;34m[0m[0m
[1;32m     80[0m                 ]) +

[0;31mNameError[0m: name 'stoich_coeffs' is not defined
NameError: name 'stoich_coeffs' is not defined

